<?xml version="1.0" encoding="UTF-8"?>
<!-- Generated by org.testng.reporters.JUnitReportReporter -->
<testsuite hostname="DESKTOP-A2N5J10" failures="0" tests="1" name="com.Database.DbBaseClass" time="4.421" errors="0" timestamp="2024-01-21T18:59:11 IST" skipped="0">
  <testcase classname="com.Database.DbBaseClass" name="demo" time="4.421"/>
</testsuite> <!-- com.Database.DbBaseClass -->
