<?xml version="1.0" encoding="UTF-8"?>
<!-- Generated by org.testng.reporters.JUnitReportReporter -->
<testsuite hostname="DESKTOP-A2N5J10" failures="0" tests="2" name="com.DBTest.DemoTest" time="0.640" errors="0" timestamp="2024-01-21T20:01:12 IST" skipped="0">
  <testcase classname="com.DBTest.DemoTest" name="getSingleusers" time="0.526"/>
  <testcase classname="com.DBTest.DemoTest" name="getmultipleusers" time="0.114"/>
</testsuite> <!-- com.DBTest.DemoTest -->
